<component name="libraryTable">
  <library name="junit-4.7">
    <ANNOTATIONS>
      <root url="jar://$PROJECT_DIR$/lib/junit-4.7.jar!/" />
    </ANNOTATIONS>
    <CLASSES>
      <root url="jar://$PROJECT_DIR$/lib/junit-4.7.jar!/" />
    </CLASSES>
    <JAVADOC />
    <NATIVE>
      <root url="jar://$PROJECT_DIR$/lib/junit-4.7.jar!/" />
    </NATIVE>
    <SOURCES>
      <root url="jar://$PROJECT_DIR$/lib/junit-4.7.jar!/" />
    </SOURCES>
    <jarDirectory url="jar://$PROJECT_DIR$/lib/junit-4.7.jar!/" recursive="false" />
    <jarDirectory url="jar://$PROJECT_DIR$/lib/junit-4.7.jar!/" recursive="false" type="SOURCES" />
  </library>
</component>